<?xml version="1.0" encoding="UTF-8"?>
<!-- Generated by org.testng.reporters.JUnitReportReporter -->
<testsuite hostname="varma" failures="0" tests="2" name="Execution.test" time="10.068" errors="0" timestamp="2023-09-25T16:11:27 IST" skipped="0">
  <testcase classname="Execution.test" name="login" time="1.587"/>
  <testcase classname="Execution.test" name="searchFunctionality" time="8.481"/>
</testsuite> <!-- Execution.test -->
